{"/Users/abk/dev/git/20250613_global_logic/gl_010_yaml_groovy/gl_012_yaml_typescript/src/fizz-buzz.ts": {"path":"/Users/abk/dev/git/20250613_global_logic/gl_010_yaml_groovy/gl_012_yaml_typescript/src/fizz-buzz.ts","statementMap":{"0":{"start":{"line":8,"column":0},"end":{"line":8,"column":16}},"1":{"start":{"line":22,"column":0},"end":{"line":22,"column":16}},"2":{"start":{"line":9,"column":15},"end":{"line":9,"column":17}},"3":{"start":{"line":10,"column":2},"end":{"line":12,"column":3}},"4":{"start":{"line":11,"column":4},"end":{"line":11,"column":21}},"5":{"start":{"line":13,"column":2},"end":{"line":15,"column":3}},"6":{"start":{"line":14,"column":4},"end":{"line":14,"column":21}},"7":{"start":{"line":16,"column":2},"end":{"line":16,"column":32}},"8":{"start":{"line":23,"column":2},"end":{"line":25,"column":3}},"9":{"start":{"line":23,"column":15},"end":{"line":23,"column":16}},"10":{"start":{"line":24,"column":4},"end":{"line":24,"column":29}},"11":{"start":{"line":29,"column":0},"end":{"line":31,"column":1}},"12":{"start":{"line":30,"column":2},"end":{"line":30,"column":9}}},"fnMap":{"0":{"name":"fizzBuzz","decl":{"start":{"line":8,"column":16},"end":{"line":8,"column":24}},"loc":{"start":{"line":8,"column":34},"end":{"line":17,"column":1}}},"1":{"name":"main","decl":{"start":{"line":22,"column":16},"end":{"line":22,"column":20}},"loc":{"start":{"line":22,"column":20},"end":{"line":26,"column":1}}}},"branchMap":{"0":{"loc":{"start":{"line":10,"column":2},"end":{"line":12,"column":3}},"type":"if","locations":[{"start":{"line":10,"column":2},"end":{"line":12,"column":3}}]},"1":{"loc":{"start":{"line":13,"column":2},"end":{"line":15,"column":3}},"type":"if","locations":[{"start":{"line":13,"column":2},"end":{"line":15,"column":3}}]},"2":{"loc":{"start":{"line":16,"column":9},"end":{"line":16,"column":31}},"type":"binary-expr","locations":[{"start":{"line":16,"column":9},"end":{"line":16,"column":15}},{"start":{"line":16,"column":19},"end":{"line":16,"column":31}}]},"3":{"loc":{"start":{"line":29,"column":0},"end":{"line":31,"column":1}},"type":"if","locations":[{"start":{"line":29,"column":0},"end":{"line":31,"column":1}}]},"4":{"loc":{"start":{"line":29,"column":4},"end":{"line":29,"column":63}},"type":"binary-expr","locations":[{"start":{"line":29,"column":4},"end":{"line":29,"column":19}},{"start":{"line":29,"column":23},"end":{"line":29,"column":63}}]}},"s":{"0":1,"1":1,"2":22,"3":22,"4":11,"5":22,"6":11,"7":22,"8":0,"9":0,"10":0,"11":1,"12":0},"f":{"0":22,"1":0},"b":{"0":[11],"1":[11],"2":[22,6],"3":[0],"4":[1,1]}}
,"/Users/abk/dev/git/20250613_global_logic/gl_010_yaml_groovy/gl_012_yaml_typescript/src/hello-global-logic.ts": {"path":"/Users/abk/dev/git/20250613_global_logic/gl_010_yaml_groovy/gl_012_yaml_typescript/src/hello-global-logic.ts","statementMap":{"0":{"start":{"line":8,"column":0},"end":{"line":8,"column":16}},"1":{"start":{"line":9,"column":2},"end":{"line":9,"column":37}},"2":{"start":{"line":13,"column":0},"end":{"line":15,"column":1}},"3":{"start":{"line":14,"column":2},"end":{"line":14,"column":10}}},"fnMap":{"0":{"name":"hello","decl":{"start":{"line":8,"column":16},"end":{"line":8,"column":21}},"loc":{"start":{"line":8,"column":21},"end":{"line":10,"column":1}}}},"branchMap":{"0":{"loc":{"start":{"line":13,"column":0},"end":{"line":15,"column":1}},"type":"if","locations":[{"start":{"line":13,"column":0},"end":{"line":15,"column":1}}]},"1":{"loc":{"start":{"line":13,"column":4},"end":{"line":13,"column":72}},"type":"binary-expr","locations":[{"start":{"line":13,"column":4},"end":{"line":13,"column":19}},{"start":{"line":13,"column":23},"end":{"line":13,"column":72}}]}},"s":{"0":1,"1":1,"2":1,"3":0},"f":{"0":1},"b":{"0":[0],"1":[1,1]}}
,"/Users/abk/dev/git/20250613_global_logic/gl_010_yaml_groovy/gl_012_yaml_typescript/src/meta-data.ts": {"path":"/Users/abk/dev/git/20250613_global_logic/gl_010_yaml_groovy/gl_012_yaml_typescript/src/meta-data.ts","statementMap":{"0":{"start":{"line":75,"column":0},"end":{"line":75,"column":16}},"1":{"start":{"line":126,"column":9},"end":{"line":126,"column":28}},"2":{"start":{"line":126,"column":30},"end":{"line":126,"column":51}},"3":{"start":{"line":126,"column":53},"end":{"line":126,"column":64}},"4":{"start":{"line":126,"column":66},"end":{"line":126,"column":77}},"5":{"start":{"line":126,"column":79},"end":{"line":126,"column":86}},"6":{"start":{"line":5,"column":0},"end":{"line":5,"column":null}},"7":{"start":{"line":22,"column":37},"end":{"line":25,"column":3}},"8":{"start":{"line":22,"column":75},"end":{"line":25,"column":2}},"9":{"start":{"line":126,"column":88},"end":{"line":126,"column":100}},"10":{"start":{"line":31,"column":2},"end":{"line":40,"column":5}},"11":{"start":{"line":32,"column":4},"end":{"line":35,"column":5}},"12":{"start":{"line":33,"column":6},"end":{"line":33,"column":74}},"13":{"start":{"line":34,"column":6},"end":{"line":34,"column":13}},"14":{"start":{"line":37,"column":4},"end":{"line":39,"column":34}},"15":{"start":{"line":38,"column":6},"end":{"line":38,"column":45}},"16":{"start":{"line":47,"column":2},"end":{"line":47,"column":85}},"17":{"start":{"line":48,"column":2},"end":{"line":48,"column":15}},"18":{"start":{"line":55,"column":2},"end":{"line":55,"column":41}},"19":{"start":{"line":62,"column":2},"end":{"line":62,"column":43}},"20":{"start":{"line":69,"column":2},"end":{"line":69,"column":54}},"21":{"start":{"line":76,"column":2},"end":{"line":123,"column":5}},"22":{"start":{"line":77,"column":20},"end":{"line":77,"column":21}},"23":{"start":{"line":78,"column":18},"end":{"line":78,"column":37}},"24":{"start":{"line":79,"column":38},"end":{"line":82,"column":13}},"25":{"start":{"line":80,"column":6},"end":{"line":80,"column":76}},"26":{"start":{"line":81,"column":6},"end":{"line":81,"column":16}},"27":{"start":{"line":84,"column":33},"end":{"line":87,"column":5}},"28":{"start":{"line":85,"column":6},"end":{"line":85,"column":18}},"29":{"start":{"line":86,"column":6},"end":{"line":86,"column":69}},"30":{"start":{"line":89,"column":35},"end":{"line":94,"column":5}},"31":{"start":{"line":90,"column":6},"end":{"line":90,"column":47}},"32":{"start":{"line":91,"column":6},"end":{"line":91,"column":98}},"33":{"start":{"line":92,"column":6},"end":{"line":92,"column":30}},"34":{"start":{"line":93,"column":6},"end":{"line":93,"column":16}},"35":{"start":{"line":96,"column":31},"end":{"line":100,"column":5}},"36":{"start":{"line":97,"column":6},"end":{"line":97,"column":55}},"37":{"start":{"line":98,"column":6},"end":{"line":98,"column":30}},"38":{"start":{"line":99,"column":6},"end":{"line":99,"column":16}},"39":{"start":{"line":104,"column":4},"end":{"line":122,"column":9}},"40":{"start":{"line":107,"column":10},"end":{"line":111,"column":null}},"41":{"start":{"line":109,"column":34},"end":{"line":109,"column":72}},"42":{"start":{"line":110,"column":49},"end":{"line":110,"column":69}},"43":{"start":{"line":115,"column":10},"end":{"line":115,"column":77}},"44":{"start":{"line":116,"column":10},"end":{"line":116,"column":23}},"45":{"start":{"line":129,"column":0},"end":{"line":131,"column":1}},"46":{"start":{"line":130,"column":2},"end":{"line":130,"column":30}}},"fnMap":{"0":{"name":"(anonymous_0)","decl":{"start":{"line":22,"column":64},"end":{"line":22,"column":65}},"loc":{"start":{"line":22,"column":75},"end":{"line":25,"column":2}}},"1":{"name":"processMetadataItem","decl":{"start":{"line":30,"column":9},"end":{"line":30,"column":28}},"loc":{"start":{"line":30,"column":51},"end":{"line":41,"column":1}}},"2":{"name":"(anonymous_2)","decl":{"start":{"line":31,"column":21},"end":{"line":31,"column":22}},"loc":{"start":{"line":31,"column":41},"end":{"line":40,"column":3}}},"3":{"name":"(anonymous_3)","decl":{"start":{"line":37,"column":15},"end":{"line":37,"column":18}},"loc":{"start":{"line":37,"column":20},"end":{"line":39,"column":5}}},"4":{"name":"handleProcessingError","decl":{"start":{"line":46,"column":9},"end":{"line":46,"column":30}},"loc":{"start":{"line":46,"column":67},"end":{"line":49,"column":1}}},"5":{"name":"logProgress","decl":{"start":{"line":54,"column":9},"end":{"line":54,"column":20}},"loc":{"start":{"line":54,"column":35},"end":{"line":56,"column":1}}},"6":{"name":"onCompleted","decl":{"start":{"line":61,"column":9},"end":{"line":61,"column":20}},"loc":{"start":{"line":61,"column":20},"end":{"line":63,"column":1}}},"7":{"name":"onError","decl":{"start":{"line":68,"column":9},"end":{"line":68,"column":16}},"loc":{"start":{"line":68,"column":29},"end":{"line":70,"column":1}}},"8":{"name":"main","decl":{"start":{"line":75,"column":16},"end":{"line":75,"column":20}},"loc":{"start":{"line":75,"column":20},"end":{"line":124,"column":1}}},"9":{"name":"(anonymous_9)","decl":{"start":{"line":76,"column":21},"end":{"line":76,"column":22}},"loc":{"start":{"line":76,"column":33},"end":{"line":123,"column":3}}},"10":{"name":"(anonymous_10)","decl":{"start":{"line":79,"column":49},"end":{"line":79,"column":52}},"loc":{"start":{"line":79,"column":54},"end":{"line":82,"column":5}}},"11":{"name":"(anonymous_11)","decl":{"start":{"line":84,"column":33},"end":{"line":84,"column":34}},"loc":{"start":{"line":84,"column":58},"end":{"line":87,"column":5}}},"12":{"name":"(anonymous_12)","decl":{"start":{"line":89,"column":35},"end":{"line":89,"column":44}},"loc":{"start":{"line":89,"column":46},"end":{"line":94,"column":5}}},"13":{"name":"(anonymous_13)","decl":{"start":{"line":96,"column":31},"end":{"line":96,"column":32}},"loc":{"start":{"line":96,"column":54},"end":{"line":100,"column":5}}},"14":{"name":"(anonymous_14)","decl":{"start":{"line":106,"column":18},"end":{"line":106,"column":19}},"loc":{"start":{"line":107,"column":10},"end":{"line":111,"column":null}}},"15":{"name":"(anonymous_15)","decl":{"start":{"line":109,"column":23},"end":{"line":109,"column":24}},"loc":{"start":{"line":109,"column":34},"end":{"line":109,"column":72}}},"16":{"name":"(anonymous_16)","decl":{"start":{"line":110,"column":19},"end":{"line":110,"column":20}},"loc":{"start":{"line":110,"column":49},"end":{"line":110,"column":69}}},"17":{"name":"(anonymous_17)","decl":{"start":{"line":114,"column":19},"end":{"line":114,"column":20}},"loc":{"start":{"line":114,"column":29},"end":{"line":117,"column":9}}}},"branchMap":{"0":{"loc":{"start":{"line":32,"column":4},"end":{"line":35,"column":5}},"type":"if","locations":[{"start":{"line":32,"column":4},"end":{"line":35,"column":5}}]},"1":{"loc":{"start":{"line":129,"column":0},"end":{"line":131,"column":1}},"type":"if","locations":[{"start":{"line":129,"column":0},"end":{"line":131,"column":1}}]},"2":{"loc":{"start":{"line":129,"column":4},"end":{"line":129,"column":63}},"type":"binary-expr","locations":[{"start":{"line":129,"column":4},"end":{"line":129,"column":19}},{"start":{"line":129,"column":23},"end":{"line":129,"column":63}}]}},"s":{"0":1,"1":1,"2":1,"3":1,"4":1,"5":1,"6":1,"7":1,"8":10,"9":1,"10":13,"11":13,"12":1,"13":1,"14":12,"15":11,"16":1,"17":1,"18":1,"19":1,"20":1,"21":2,"22":2,"23":2,"24":2,"25":1,"26":1,"27":2,"28":10,"29":10,"30":2,"31":1,"32":1,"33":1,"34":1,"35":2,"36":0,"37":0,"38":0,"39":2,"40":11,"41":0,"42":10,"43":0,"44":0,"45":1,"46":0},"f":{"0":10,"1":13,"2":13,"3":11,"4":1,"5":1,"6":1,"7":1,"8":2,"9":2,"10":1,"11":10,"12":1,"13":0,"14":11,"15":0,"16":10,"17":0},"b":{"0":[1],"1":[0],"2":[1,1]}}
}
