TN:
SF:src/fizz-buzz.ts
FN:8,fizzBuzz
FN:22,main
FNF:2
FNH:1
FNDA:22,fizzBuzz
FNDA:0,main
DA:8,1
DA:9,22
DA:10,22
DA:11,11
DA:13,22
DA:14,11
DA:16,22
DA:22,1
DA:23,0
DA:24,0
DA:29,1
DA:30,0
LF:12
LH:9
BRDA:10,0,0,11
BRDA:13,1,0,11
BRDA:16,2,0,22
BRDA:16,2,1,6
BRDA:29,3,0,0
BRDA:29,4,0,1
BRDA:29,4,1,1
BRF:7
BRH:6
end_of_record
TN:
SF:src/hello-global-logic.ts
FN:8,hello
FNF:1
FNH:1
FNDA:1,hello
DA:8,1
DA:9,1
DA:13,1
DA:14,0
LF:4
LH:3
BRDA:13,0,0,0
BRDA:13,1,0,1
BRDA:13,1,1,1
BRF:3
BRH:2
end_of_record
TN:
SF:src/meta-data.ts
FN:22,(anonymous_0)
FN:30,processMetadataItem
FN:31,(anonymous_2)
FN:37,(anonymous_3)
FN:46,handleProcessingError
FN:54,logProgress
FN:61,onCompleted
FN:68,onError
FN:75,main
FN:76,(anonymous_9)
FN:79,(anonymous_10)
FN:84,(anonymous_11)
FN:89,(anonymous_12)
FN:96,(anonymous_13)
FN:106,(anonymous_14)
FN:109,(anonymous_15)
FN:110,(anonymous_16)
FN:114,(anonymous_17)
FNF:18
FNH:15
FNDA:10,(anonymous_0)
FNDA:13,processMetadataItem
FNDA:13,(anonymous_2)
FNDA:11,(anonymous_3)
FNDA:1,handleProcessingError
FNDA:1,logProgress
FNDA:1,onCompleted
FNDA:1,onError
FNDA:2,main
FNDA:2,(anonymous_9)
FNDA:1,(anonymous_10)
FNDA:10,(anonymous_11)
FNDA:1,(anonymous_12)
FNDA:0,(anonymous_13)
FNDA:11,(anonymous_14)
FNDA:0,(anonymous_15)
FNDA:10,(anonymous_16)
FNDA:0,(anonymous_17)
DA:5,1
DA:22,10
DA:31,13
DA:32,13
DA:33,1
DA:34,1
DA:37,12
DA:38,11
DA:47,1
DA:48,1
DA:55,1
DA:62,1
DA:69,1
DA:75,1
DA:76,2
DA:77,2
DA:78,2
DA:79,2
DA:80,1
DA:81,1
DA:84,2
DA:85,10
DA:86,10
DA:89,2
DA:90,1
DA:91,1
DA:92,1
DA:93,1
DA:96,2
DA:97,0
DA:98,0
DA:99,0
DA:104,2
DA:107,11
DA:109,0
DA:110,10
DA:115,0
DA:116,0
DA:126,1
DA:129,1
DA:130,0
LF:41
LH:34
BRDA:32,0,0,1
BRDA:129,1,0,0
BRDA:129,2,0,1
BRDA:129,2,1,1
BRF:4
BRH:3
end_of_record
